04-May-2024 12:36:44.877 INFO [main] org.apache.catalina.startup.VersionLoggerListener.log Server version name:   Apache Tomcat/8.5.96
04-May-2024 12:36:44.887 INFO [main] org.apache.catalina.startup.VersionLoggerListener.log Server built:          Nov 10 2023 14:56:59 UTC
04-May-2024 12:36:44.887 INFO [main] org.apache.catalina.startup.VersionLoggerListener.log Server version number: 8.5.96.0
04-May-2024 12:36:44.887 INFO [main] org.apache.catalina.startup.VersionLoggerListener.log OS Name:               Windows 11
04-May-2024 12:36:44.887 INFO [main] org.apache.catalina.startup.VersionLoggerListener.log OS Version:            10.0
04-May-2024 12:36:44.887 INFO [main] org.apache.catalina.startup.VersionLoggerListener.log Architecture:          amd64
04-May-2024 12:36:44.887 INFO [main] org.apache.catalina.startup.VersionLoggerListener.log Java Home:             C:\Program Files\Java\jdk-19
04-May-2024 12:36:44.887 INFO [main] org.apache.catalina.startup.VersionLoggerListener.log JVM Version:           19+36-2238
04-May-2024 12:36:44.887 INFO [main] org.apache.catalina.startup.VersionLoggerListener.log JVM Vendor:            Oracle Corporation
04-May-2024 12:36:44.887 INFO [main] org.apache.catalina.startup.VersionLoggerListener.log CATALINA_BASE:         C:\XAMMP\tomcat
04-May-2024 12:36:44.887 INFO [main] org.apache.catalina.startup.VersionLoggerListener.log CATALINA_HOME:         C:\XAMMP\tomcat
04-May-2024 12:36:44.887 INFO [main] org.apache.catalina.startup.VersionLoggerListener.log Command line argument: --add-opens=java.base/java.lang=ALL-UNNAMED
04-May-2024 12:36:44.887 INFO [main] org.apache.catalina.startup.VersionLoggerListener.log Command line argument: --add-opens=java.base/java.io=ALL-UNNAMED
04-May-2024 12:36:44.887 INFO [main] org.apache.catalina.startup.VersionLoggerListener.log Command line argument: --add-opens=java.base/java.util=ALL-UNNAMED
04-May-2024 12:36:44.887 INFO [main] org.apache.catalina.startup.VersionLoggerListener.log Command line argument: --add-opens=java.base/java.util.concurrent=ALL-UNNAMED
04-May-2024 12:36:44.887 INFO [main] org.apache.catalina.startup.VersionLoggerListener.log Command line argument: --add-opens=java.rmi/sun.rmi.transport=ALL-UNNAMED
04-May-2024 12:36:44.887 INFO [main] org.apache.catalina.startup.VersionLoggerListener.log Command line argument: -Djava.util.logging.config.file=c:\XAMMP\tomcat\conf\logging.properties
04-May-2024 12:36:44.887 INFO [main] org.apache.catalina.startup.VersionLoggerListener.log Command line argument: -Djava.util.logging.manager=org.apache.juli.ClassLoaderLogManager
04-May-2024 12:36:44.887 INFO [main] org.apache.catalina.startup.VersionLoggerListener.log Command line argument: -Djdk.tls.ephemeralDHKeySize=2048
04-May-2024 12:36:44.887 INFO [main] org.apache.catalina.startup.VersionLoggerListener.log Command line argument: -Djava.protocol.handler.pkgs=org.apache.catalina.webresources
04-May-2024 12:36:44.887 INFO [main] org.apache.catalina.startup.VersionLoggerListener.log Command line argument: -Dignore.endorsed.dirs=
04-May-2024 12:36:44.887 INFO [main] org.apache.catalina.startup.VersionLoggerListener.log Command line argument: -Dcatalina.base=c:\XAMMP\tomcat
04-May-2024 12:36:44.887 INFO [main] org.apache.catalina.startup.VersionLoggerListener.log Command line argument: -Dcatalina.home=c:\XAMMP\tomcat
04-May-2024 12:36:44.887 INFO [main] org.apache.catalina.startup.VersionLoggerListener.log Command line argument: -Djava.io.tmpdir=c:\XAMMP\tomcat\temp
04-May-2024 12:36:44.887 INFO [main] org.apache.catalina.core.AprLifecycleListener.lifecycleEvent The Apache Tomcat Native library which allows using OpenSSL was not found on the java.library.path: [C:\Program Files\Java\jdk-19\bin;C:\WINDOWS\Sun\Java\bin;C:\WINDOWS\system32;C:\WINDOWS;C:\Python312\Scripts\;C:\Python312\;C:\Program Files\OpenJDK\jre-11.0.16.8-hotspot\bin;C:\Program Files\Common Files\Oracle\Java\javapath;C:\Windows\system32;C:\Windows;C:\Windows\System32\Wbem;C:\Windows\System32\WindowsPowerShell\v1.0\;C:\Windows\System32\OpenSSH\;C:\Program Files (x86)\NVIDIA Corporation\PhysX\Common;C:\Program Files\NVIDIA Corporation\NVIDIA NvDLISR;C:\WINDOWS\system32;C:\WINDOWS;C:\WINDOWS\System32\Wbem;C:\WINDOWS\System32\WindowsPowerShell\v1.0\;C:\WINDOWS\System32\OpenSSH\;C:\Program Files\Microsoft SQL Server\120\Tools\Binn\;C:\Program Files\MySQL\MySQL Server 8.0\bin;C:\Users\Vinay\AppData\Local\Programs\Python\Python310;C:\Users\Vinay\AppData\Local\Programs\Python\Python310\Scripts;C:\Program Files\Git\cmd;C:\Program Files\Docker\Docker\resources\bin;C:\ProgramData\DockerDesktop\version-bin;C:\ProgramData\chocolatey\bin;C:\Program Files\Java\jdk-19\bin;C:\Program Files\nodejs\;C:\Program Files\MySQL\MySQL Shell 8.0\bin\;D:\Python Idle\Scripts\;D:\Python Idle\;C:\Users\Vinay\AppData\Local\Microsoft\WindowsApps;D:\Softwares\Microsoft VS Code\bin;C:\Users\Vinay\AppData\Local\Programs\Python\Python310;C:\Users\Vinay\AppData\Local\Programs\Python\Python310\Scripts;C:\Program Files\JetBrains\IntelliJ IDEA Community Edition 2022.2.2\plugins\maven\lib\maven3\bin;D:\Softwares\Sqlite3;C:\Users\Vinay\AppData\Roaming\npm;C:\XAMMP\php;;.]
04-May-2024 12:36:44.975 INFO [main] org.apache.coyote.AbstractProtocol.init Initializing ProtocolHandler ["http-nio-8080"]
04-May-2024 12:36:45.032 SEVERE [main] org.apache.catalina.core.StandardService.initInternal Failed to initialize connector [Connector["http-nio-8080"]]
	org.apache.catalina.LifecycleException: Protocol handler initialization failed
		at org.apache.catalina.connector.Connector.initInternal(Connector.java:1075)
		at org.apache.catalina.util.LifecycleBase.init(LifecycleBase.java:127)
		at org.apache.catalina.core.StandardService.initInternal(StandardService.java:564)
		at org.apache.catalina.util.LifecycleBase.init(LifecycleBase.java:127)
		at org.apache.catalina.core.StandardServer.initInternal(StandardServer.java:854)
		at org.apache.catalina.util.LifecycleBase.init(LifecycleBase.java:127)
		at org.apache.catalina.startup.Catalina.load(Catalina.java:646)
		at org.apache.catalina.startup.Catalina.load(Catalina.java:669)
		at java.base/jdk.internal.reflect.DirectMethodHandleAccessor.invoke(DirectMethodHandleAccessor.java:104)
		at java.base/java.lang.reflect.Method.invoke(Method.java:578)
		at org.apache.catalina.startup.Bootstrap.load(Bootstrap.java:307)
		at org.apache.catalina.startup.Bootstrap.main(Bootstrap.java:477)
	Caused by: java.net.BindException: Address already in use: bind
		at java.base/sun.nio.ch.Net.bind0(Native Method)
		at java.base/sun.nio.ch.Net.bind(Net.java:555)
		at java.base/sun.nio.ch.ServerSocketChannelImpl.netBind(ServerSocketChannelImpl.java:344)
		at java.base/sun.nio.ch.ServerSocketChannelImpl.bind(ServerSocketChannelImpl.java:301)
		at java.base/sun.nio.ch.ServerSocketAdaptor.bind(ServerSocketAdaptor.java:89)
		at org.apache.tomcat.util.net.NioEndpoint.initServerSocket(NioEndpoint.java:226)
		at org.apache.tomcat.util.net.NioEndpoint.bind(NioEndpoint.java:202)
		at org.apache.tomcat.util.net.AbstractEndpoint.bindWithCleanup(AbstractEndpoint.java:1326)
		at org.apache.tomcat.util.net.AbstractEndpoint.init(AbstractEndpoint.java:1339)
		at org.apache.tomcat.util.net.AbstractJsseEndpoint.init(AbstractJsseEndpoint.java:231)
		at org.apache.coyote.AbstractProtocol.init(AbstractProtocol.java:695)
		at org.apache.coyote.http11.AbstractHttp11Protocol.init(AbstractHttp11Protocol.java:76)
		at org.apache.catalina.connector.Connector.initInternal(Connector.java:1073)
		... 11 more
04-May-2024 12:36:45.034 INFO [main] org.apache.catalina.startup.Catalina.load Initialization processed in 728 ms
04-May-2024 12:36:45.106 INFO [main] org.apache.catalina.core.StandardService.startInternal Starting service [Catalina]
04-May-2024 12:36:45.106 INFO [main] org.apache.catalina.core.StandardEngine.startInternal Starting Servlet engine: [Apache Tomcat/8.5.96]
04-May-2024 12:36:45.133 INFO [localhost-startStop-1] org.apache.catalina.startup.HostConfig.deployDirectory Deploying web application directory [C:\XAMMP\tomcat\webapps\docs]
04-May-2024 12:36:45.687 INFO [localhost-startStop-1] org.apache.catalina.startup.HostConfig.deployDirectory Deployment of web application directory [C:\XAMMP\tomcat\webapps\docs] has finished in [538] ms
04-May-2024 12:36:45.687 INFO [localhost-startStop-1] org.apache.catalina.startup.HostConfig.deployDirectory Deploying web application directory [C:\XAMMP\tomcat\webapps\examples]
04-May-2024 12:36:46.205 INFO [localhost-startStop-1] org.apache.catalina.startup.HostConfig.deployDirectory Deployment of web application directory [C:\XAMMP\tomcat\webapps\examples] has finished in [518] ms
04-May-2024 12:36:46.205 INFO [localhost-startStop-1] org.apache.catalina.startup.HostConfig.deployDirectory Deploying web application directory [C:\XAMMP\tomcat\webapps\host-manager]
04-May-2024 12:36:46.245 INFO [localhost-startStop-1] org.apache.catalina.startup.HostConfig.deployDirectory Deployment of web application directory [C:\XAMMP\tomcat\webapps\host-manager] has finished in [40] ms
04-May-2024 12:36:46.252 INFO [localhost-startStop-1] org.apache.catalina.startup.HostConfig.deployDirectory Deploying web application directory [C:\XAMMP\tomcat\webapps\manager]
04-May-2024 12:36:46.283 INFO [localhost-startStop-1] org.apache.catalina.startup.HostConfig.deployDirectory Deployment of web application directory [C:\XAMMP\tomcat\webapps\manager] has finished in [31] ms
04-May-2024 12:36:46.283 INFO [localhost-startStop-1] org.apache.catalina.startup.HostConfig.deployDirectory Deploying web application directory [C:\XAMMP\tomcat\webapps\ROOT]
04-May-2024 12:36:46.331 INFO [localhost-startStop-1] org.apache.catalina.startup.HostConfig.deployDirectory Deployment of web application directory [C:\XAMMP\tomcat\webapps\ROOT] has finished in [48] ms
04-May-2024 12:36:46.331 INFO [main] org.apache.catalina.startup.Catalina.start Server startup in 1301 ms
