2024-02-26 21:51:31 0 [Note] Starting MariaDB 10.4.32-MariaDB source revision c4143f909528e3fab0677a28631d10389354c491 as process 18904
2024-02-26 21:51:31 0 [Note] InnoDB: Mutexes and rw_locks use Windows interlocked functions
2024-02-26 21:51:31 0 [Note] InnoDB: Uses event mutexes
2024-02-26 21:51:31 0 [Note] InnoDB: Compressed tables use zlib 1.3
2024-02-26 21:51:31 0 [Note] InnoDB: Number of pools: 1
2024-02-26 21:51:31 0 [Note] InnoDB: Using SSE2 crc32 instructions
2024-02-26 21:51:31 0 [Note] InnoDB: Initializing buffer pool, total size = 16M, instances = 1, chunk size = 16M
2024-02-26 21:51:31 0 [Note] InnoDB: Completed initialization of buffer pool
2024-02-26 21:51:31 0 [Note] InnoDB: Starting crash recovery from checkpoint LSN=300288
2024-02-26 21:51:31 0 [Note] InnoDB: 128 out of 128 rollback segments are active.
2024-02-26 21:51:31 0 [Note] InnoDB: Removed temporary tablespace data file: "ibtmp1"
2024-02-26 21:51:31 0 [Note] InnoDB: Creating shared tablespace for temporary tables
2024-02-26 21:51:31 0 [Note] InnoDB: Setting file 'E:\Programme\XAMMP\mysql\data\ibtmp1' size to 12 MB. Physically writing the file full; Please wait ...
2024-02-26 21:51:31 0 [Note] InnoDB: File 'E:\Programme\XAMMP\mysql\data\ibtmp1' size is now 12 MB.
2024-02-26 21:51:31 0 [Note] InnoDB: Waiting for purge to start
2024-02-26 21:51:31 0 [Note] InnoDB: 10.4.32 started; log sequence number 300297; transaction id 170
2024-02-26 21:51:31 0 [Note] InnoDB: Loading buffer pool(s) from E:\Programme\XAMMP\mysql\data\ib_buffer_pool
2024-02-26 21:51:31 0 [Note] Plugin 'FEEDBACK' is disabled.
2024-02-26 21:51:31 0 [Note] Server socket created on IP: '::'.
2024-02-26 21:56:00 0 [Note] Starting MariaDB 10.4.32-MariaDB source revision c4143f909528e3fab0677a28631d10389354c491 as process 4644
2024-02-26 21:56:00 0 [Note] InnoDB: Mutexes and rw_locks use Windows interlocked functions
2024-02-26 21:56:00 0 [Note] InnoDB: Uses event mutexes
2024-02-26 21:56:00 0 [Note] InnoDB: Compressed tables use zlib 1.3
2024-02-26 21:56:00 0 [Note] InnoDB: Number of pools: 1
2024-02-26 21:56:00 0 [Note] InnoDB: Using SSE2 crc32 instructions
2024-02-26 21:56:00 0 [Note] InnoDB: Initializing buffer pool, total size = 16M, instances = 1, chunk size = 16M
2024-02-26 21:56:00 0 [Note] InnoDB: Completed initialization of buffer pool
2024-02-26 21:56:00 0 [Note] InnoDB: Starting crash recovery from checkpoint LSN=300306
2024-02-26 21:56:00 0 [Note] InnoDB: 128 out of 128 rollback segments are active.
2024-02-26 21:56:00 0 [Note] InnoDB: Removed temporary tablespace data file: "ibtmp1"
2024-02-26 21:56:00 0 [Note] InnoDB: Creating shared tablespace for temporary tables
2024-02-26 21:56:00 0 [Note] InnoDB: Setting file 'E:\Programme\XAMMP\mysql\data\ibtmp1' size to 12 MB. Physically writing the file full; Please wait ...
2024-02-26 21:56:00 0 [Note] InnoDB: File 'E:\Programme\XAMMP\mysql\data\ibtmp1' size is now 12 MB.
2024-02-26 21:56:00 0 [Note] InnoDB: Waiting for purge to start
2024-02-26 21:56:00 0 [Note] InnoDB: 10.4.32 started; log sequence number 300315; transaction id 170
2024-02-26 21:56:00 0 [Note] InnoDB: Loading buffer pool(s) from E:\Programme\XAMMP\mysql\data\ib_buffer_pool
2024-02-26 21:56:00 0 [Note] Plugin 'FEEDBACK' is disabled.
2024-02-26 21:56:00 0 [Note] Server socket created on IP: '::'.
2024-02-26 22:06:01 0 [Note] Starting MariaDB 10.4.32-MariaDB source revision c4143f909528e3fab0677a28631d10389354c491 as process 11804
2024-02-26 22:06:01 0 [Note] InnoDB: Mutexes and rw_locks use Windows interlocked functions
2024-02-26 22:06:01 0 [Note] InnoDB: Uses event mutexes
2024-02-26 22:06:01 0 [Note] InnoDB: Compressed tables use zlib 1.3
2024-02-26 22:06:01 0 [Note] InnoDB: Number of pools: 1
2024-02-26 22:06:01 0 [Note] InnoDB: Using SSE2 crc32 instructions
2024-02-26 22:06:01 0 [Note] InnoDB: Initializing buffer pool, total size = 16M, instances = 1, chunk size = 16M
2024-02-26 22:06:01 0 [Note] InnoDB: Completed initialization of buffer pool
2024-02-26 22:06:01 0 [Note] InnoDB: Starting crash recovery from checkpoint LSN=300324
2024-02-26 22:06:01 0 [Note] InnoDB: 128 out of 128 rollback segments are active.
2024-02-26 22:06:01 0 [Note] InnoDB: Removed temporary tablespace data file: "ibtmp1"
2024-02-26 22:06:01 0 [Note] InnoDB: Creating shared tablespace for temporary tables
2024-02-26 22:06:01 0 [Note] InnoDB: Setting file 'E:\Programme\XAMMP\mysql\data\ibtmp1' size to 12 MB. Physically writing the file full; Please wait ...
2024-02-26 22:06:01 0 [Note] InnoDB: File 'E:\Programme\XAMMP\mysql\data\ibtmp1' size is now 12 MB.
2024-02-26 22:06:01 0 [Note] InnoDB: Waiting for purge to start
2024-02-26 22:06:01 0 [Note] InnoDB: 10.4.32 started; log sequence number 300333; transaction id 170
2024-02-26 22:06:01 0 [Note] InnoDB: Loading buffer pool(s) from E:\Programme\XAMMP\mysql\data\ib_buffer_pool
2024-02-26 22:06:01 0 [Note] Plugin 'FEEDBACK' is disabled.
2024-02-26 22:06:01 0 [Note] Server socket created on IP: '::'.
2024-02-26 22:07:51 0 [Note] Starting MariaDB 10.4.32-MariaDB source revision c4143f909528e3fab0677a28631d10389354c491 as process 17716
2024-02-26 22:07:51 0 [Note] InnoDB: Mutexes and rw_locks use Windows interlocked functions
2024-02-26 22:07:51 0 [Note] InnoDB: Uses event mutexes
2024-02-26 22:07:51 0 [Note] InnoDB: Compressed tables use zlib 1.3
2024-02-26 22:07:51 0 [Note] InnoDB: Number of pools: 1
2024-02-26 22:07:51 0 [Note] InnoDB: Using SSE2 crc32 instructions
2024-02-26 22:07:51 0 [Note] InnoDB: Initializing buffer pool, total size = 16M, instances = 1, chunk size = 16M
2024-02-26 22:07:51 0 [Note] InnoDB: Completed initialization of buffer pool
2024-02-26 22:07:51 0 [Note] InnoDB: Starting crash recovery from checkpoint LSN=300342
2024-02-26 22:07:51 0 [Note] InnoDB: 128 out of 128 rollback segments are active.
2024-02-26 22:07:51 0 [Note] InnoDB: Removed temporary tablespace data file: "ibtmp1"
2024-02-26 22:07:51 0 [Note] InnoDB: Creating shared tablespace for temporary tables
2024-02-26 22:07:51 0 [Note] InnoDB: Setting file 'E:\Programme\XAMMP\mysql\data\ibtmp1' size to 12 MB. Physically writing the file full; Please wait ...
2024-02-26 22:07:51 0 [Note] InnoDB: File 'E:\Programme\XAMMP\mysql\data\ibtmp1' size is now 12 MB.
2024-02-26 22:07:51 0 [Note] InnoDB: Waiting for purge to start
2024-02-26 22:07:51 0 [Note] InnoDB: 10.4.32 started; log sequence number 300351; transaction id 170
2024-02-26 22:07:51 0 [Note] InnoDB: Loading buffer pool(s) from E:\Programme\XAMMP\mysql\data\ib_buffer_pool
2024-02-26 22:07:51 0 [Note] Plugin 'FEEDBACK' is disabled.
2024-02-26 22:07:51 0 [Note] Server socket created on IP: '::'.
2024-02-26 23:25:28 0 [Note] Starting MariaDB 10.4.32-MariaDB source revision c4143f909528e3fab0677a28631d10389354c491 as process 20400
2024-02-26 23:25:28 0 [Note] mysqld.exe: Aria engine: starting recovery
recovered pages: 0% 25% 35% 100% (0.0 seconds); tables to flush: 1 0
 (0.0 seconds); 
2024-02-26 23:25:28 0 [Note] mysqld.exe: Aria engine: recovery done
2024-02-26 23:25:28 0 [Note] InnoDB: Mutexes and rw_locks use Windows interlocked functions
2024-02-26 23:25:28 0 [Note] InnoDB: Uses event mutexes
2024-02-26 23:25:28 0 [Note] InnoDB: Compressed tables use zlib 1.3
2024-02-26 23:25:28 0 [Note] InnoDB: Number of pools: 1
2024-02-26 23:25:28 0 [Note] InnoDB: Using SSE2 crc32 instructions
2024-02-26 23:25:28 0 [Note] InnoDB: Initializing buffer pool, total size = 16M, instances = 1, chunk size = 16M
2024-02-26 23:25:28 0 [Note] InnoDB: Completed initialization of buffer pool
2024-02-26 23:25:28 0 [Note] InnoDB: Starting crash recovery from checkpoint LSN=1533749
2024-02-26 23:25:28 0 [Note] InnoDB: 128 out of 128 rollback segments are active.
2024-02-26 23:25:28 0 [Note] InnoDB: Removed temporary tablespace data file: "ibtmp1"
2024-02-26 23:25:28 0 [Note] InnoDB: Creating shared tablespace for temporary tables
2024-02-26 23:25:28 0 [Note] InnoDB: Setting file 'E:\Programme\XAMMP\mysql\data\ibtmp1' size to 12 MB. Physically writing the file full; Please wait ...
2024-02-26 23:25:28 0 [Note] InnoDB: File 'E:\Programme\XAMMP\mysql\data\ibtmp1' size is now 12 MB.
2024-02-26 23:25:28 0 [Note] InnoDB: Waiting for purge to start
2024-02-26 23:25:28 0 [Note] InnoDB: 10.4.32 started; log sequence number 1533758; transaction id 666
2024-02-26 23:25:28 0 [Note] InnoDB: Loading buffer pool(s) from E:\Programme\XAMMP\mysql\data\ib_buffer_pool
2024-02-26 23:25:28 0 [Note] Plugin 'FEEDBACK' is disabled.
2024-02-26 23:25:28 0 [Note] Server socket created on IP: '::'.
2024-02-27  0:39:35 0 [Note] Starting MariaDB 10.4.32-MariaDB source revision c4143f909528e3fab0677a28631d10389354c491 as process 11320
2024-02-27  0:39:35 0 [Note] InnoDB: Mutexes and rw_locks use Windows interlocked functions
2024-02-27  0:39:35 0 [Note] InnoDB: Uses event mutexes
2024-02-27  0:39:35 0 [Note] InnoDB: Compressed tables use zlib 1.3
2024-02-27  0:39:35 0 [Note] InnoDB: Number of pools: 1
2024-02-27  0:39:35 0 [Note] InnoDB: Using SSE2 crc32 instructions
2024-02-27  0:39:35 0 [Note] InnoDB: Initializing buffer pool, total size = 16M, instances = 1, chunk size = 16M
2024-02-27  0:39:35 0 [Note] InnoDB: Completed initialization of buffer pool
2024-02-27  0:39:35 0 [Note] InnoDB: Starting crash recovery from checkpoint LSN=1533767
2024-02-27  0:39:36 0 [Note] InnoDB: 128 out of 128 rollback segments are active.
2024-02-27  0:39:36 0 [Note] InnoDB: Removed temporary tablespace data file: "ibtmp1"
2024-02-27  0:39:36 0 [Note] InnoDB: Creating shared tablespace for temporary tables
2024-02-27  0:39:36 0 [Note] InnoDB: Setting file 'E:\Programme\XAMMP\mysql\data\ibtmp1' size to 12 MB. Physically writing the file full; Please wait ...
2024-02-27  0:39:36 0 [Note] InnoDB: File 'E:\Programme\XAMMP\mysql\data\ibtmp1' size is now 12 MB.
2024-02-27  0:39:36 0 [Note] InnoDB: 10.4.32 started; log sequence number 1533776; transaction id 666
2024-02-27  0:39:36 0 [Note] InnoDB: Loading buffer pool(s) from E:\Programme\XAMMP\mysql\data\ib_buffer_pool
2024-02-27  0:39:36 0 [Note] Plugin 'FEEDBACK' is disabled.
2024-02-27  0:39:36 0 [Note] InnoDB: Buffer pool(s) load completed at 240227  0:39:36
2024-02-27  0:39:36 0 [Note] Server socket created on IP: '::'.
2024-02-27  0:47:27 0 [Note] Starting MariaDB 10.4.32-MariaDB source revision c4143f909528e3fab0677a28631d10389354c491 as process 11672
2024-02-27  0:47:27 0 [Note] InnoDB: Mutexes and rw_locks use Windows interlocked functions
2024-02-27  0:47:27 0 [Note] InnoDB: Uses event mutexes
2024-02-27  0:47:27 0 [Note] InnoDB: Compressed tables use zlib 1.3
2024-02-27  0:47:27 0 [Note] InnoDB: Number of pools: 1
2024-02-27  0:47:27 0 [Note] InnoDB: Using SSE2 crc32 instructions
2024-02-27  0:47:27 0 [Note] InnoDB: Initializing buffer pool, total size = 16M, instances = 1, chunk size = 16M
2024-02-27  0:47:27 0 [Note] InnoDB: Completed initialization of buffer pool
2024-02-27  0:47:28 0 [Note] InnoDB: Starting crash recovery from checkpoint LSN=1533785
2024-02-27  0:47:28 0 [Note] InnoDB: 128 out of 128 rollback segments are active.
2024-02-27  0:47:28 0 [Note] InnoDB: Removed temporary tablespace data file: "ibtmp1"
2024-02-27  0:47:28 0 [Note] InnoDB: Creating shared tablespace for temporary tables
2024-02-27  0:47:28 0 [Note] InnoDB: Setting file 'E:\Programme\XAMMP\mysql\data\ibtmp1' size to 12 MB. Physically writing the file full; Please wait ...
2024-02-27  0:47:28 0 [Note] InnoDB: File 'E:\Programme\XAMMP\mysql\data\ibtmp1' size is now 12 MB.
2024-02-27  0:47:28 0 [Note] InnoDB: Waiting for purge to start
2024-02-27  0:47:28 0 [Note] InnoDB: 10.4.32 started; log sequence number 1533794; transaction id 666
2024-02-27  0:47:28 0 [Note] InnoDB: Loading buffer pool(s) from E:\Programme\XAMMP\mysql\data\ib_buffer_pool
2024-02-27  0:47:28 0 [Note] Plugin 'FEEDBACK' is disabled.
2024-02-27  0:47:28 0 [Note] Server socket created on IP: '::'.
2024-02-27  1:07:35 0 [Note] Starting MariaDB 10.4.32-MariaDB source revision c4143f909528e3fab0677a28631d10389354c491 as process 4768
2024-02-27  1:07:35 0 [Note] InnoDB: Mutexes and rw_locks use Windows interlocked functions
2024-02-27  1:07:35 0 [Note] InnoDB: Uses event mutexes
2024-02-27  1:07:35 0 [Note] InnoDB: Compressed tables use zlib 1.3
2024-02-27  1:07:35 0 [Note] InnoDB: Number of pools: 1
2024-02-27  1:07:35 0 [Note] InnoDB: Using SSE2 crc32 instructions
2024-02-27  1:07:35 0 [Note] InnoDB: Initializing buffer pool, total size = 16M, instances = 1, chunk size = 16M
2024-02-27  1:07:35 0 [Note] InnoDB: Completed initialization of buffer pool
2024-02-27  1:07:35 0 [Note] InnoDB: Starting crash recovery from checkpoint LSN=1534120
2024-02-27  1:07:35 0 [Note] InnoDB: 128 out of 128 rollback segments are active.
2024-02-27  1:07:35 0 [Note] InnoDB: Removed temporary tablespace data file: "ibtmp1"
2024-02-27  1:07:35 0 [Note] InnoDB: Creating shared tablespace for temporary tables
2024-02-27  1:07:35 0 [Note] InnoDB: Setting file 'E:\Programme\XAMMP\mysql\data\ibtmp1' size to 12 MB. Physically writing the file full; Please wait ...
2024-02-27  1:07:35 0 [Note] InnoDB: File 'E:\Programme\XAMMP\mysql\data\ibtmp1' size is now 12 MB.
2024-02-27  1:07:35 0 [Note] InnoDB: Waiting for purge to start
2024-02-27  1:07:35 0 [Note] InnoDB: 10.4.32 started; log sequence number 1534129; transaction id 694
2024-02-27  1:07:35 0 [Note] InnoDB: Loading buffer pool(s) from E:\Programme\XAMMP\mysql\data\ib_buffer_pool
2024-02-27  1:07:35 0 [Note] Plugin 'FEEDBACK' is disabled.
2024-02-27  1:07:35 0 [Note] Server socket created on IP: '::'.
2024-02-27  1:15:06 0 [Note] Starting MariaDB 10.4.32-MariaDB source revision c4143f909528e3fab0677a28631d10389354c491 as process 18260
2024-02-27  1:15:06 0 [Note] InnoDB: Mutexes and rw_locks use Windows interlocked functions
2024-02-27  1:15:06 0 [Note] InnoDB: Uses event mutexes
2024-02-27  1:15:06 0 [Note] InnoDB: Compressed tables use zlib 1.3
2024-02-27  1:15:06 0 [Note] InnoDB: Number of pools: 1
2024-02-27  1:15:06 0 [Note] InnoDB: Using SSE2 crc32 instructions
2024-02-27  1:15:06 0 [Note] InnoDB: Initializing buffer pool, total size = 16M, instances = 1, chunk size = 16M
2024-02-27  1:15:06 0 [Note] InnoDB: Completed initialization of buffer pool
2024-02-27  1:15:06 0 [Note] InnoDB: Starting crash recovery from checkpoint LSN=1534138
2024-02-27  1:15:06 0 [Note] InnoDB: 128 out of 128 rollback segments are active.
2024-02-27  1:15:06 0 [Note] InnoDB: Removed temporary tablespace data file: "ibtmp1"
2024-02-27  1:15:06 0 [Note] InnoDB: Creating shared tablespace for temporary tables
2024-02-27  1:15:06 0 [Note] InnoDB: Setting file 'E:\Programme\XAMMP\mysql\data\ibtmp1' size to 12 MB. Physically writing the file full; Please wait ...
2024-02-27  1:15:06 0 [Note] InnoDB: File 'E:\Programme\XAMMP\mysql\data\ibtmp1' size is now 12 MB.
2024-02-27  1:15:06 0 [Note] InnoDB: Waiting for purge to start
2024-02-27  1:15:06 0 [Note] InnoDB: 10.4.32 started; log sequence number 1534147; transaction id 694
2024-02-27  1:15:06 0 [Note] InnoDB: Loading buffer pool(s) from E:\Programme\XAMMP\mysql\data\ib_buffer_pool
2024-02-27  1:15:06 0 [Note] Plugin 'FEEDBACK' is disabled.
2024-02-27  1:15:06 0 [Note] Server socket created on IP: '::'.
2024-02-27  1:56:49 0 [Note] Starting MariaDB 10.4.32-MariaDB source revision c4143f909528e3fab0677a28631d10389354c491 as process 11628
2024-02-27  1:56:50 0 [Note] InnoDB: Mutexes and rw_locks use Windows interlocked functions
2024-02-27  1:56:50 0 [Note] InnoDB: Uses event mutexes
2024-02-27  1:56:50 0 [Note] InnoDB: Compressed tables use zlib 1.3
2024-02-27  1:56:50 0 [Note] InnoDB: Number of pools: 1
2024-02-27  1:56:50 0 [Note] InnoDB: Using SSE2 crc32 instructions
2024-02-27  1:56:50 0 [Note] InnoDB: Initializing buffer pool, total size = 16M, instances = 1, chunk size = 16M
2024-02-27  1:56:50 0 [Note] InnoDB: Completed initialization of buffer pool
2024-02-27  1:56:50 0 [Note] InnoDB: Starting crash recovery from checkpoint LSN=1587789
2024-02-27  1:56:50 0 [Note] InnoDB: 128 out of 128 rollback segments are active.
2024-02-27  1:56:50 0 [Note] InnoDB: Removed temporary tablespace data file: "ibtmp1"
2024-02-27  1:56:50 0 [Note] InnoDB: Creating shared tablespace for temporary tables
2024-02-27  1:56:50 0 [Note] InnoDB: Setting file 'E:\Programme\XAMMP\mysql\data\ibtmp1' size to 12 MB. Physically writing the file full; Please wait ...
2024-02-27  1:56:50 0 [Note] InnoDB: File 'E:\Programme\XAMMP\mysql\data\ibtmp1' size is now 12 MB.
2024-02-27  1:56:50 0 [Note] InnoDB: Waiting for purge to start
2024-02-27  1:56:50 0 [Note] InnoDB: 10.4.32 started; log sequence number 1587798; transaction id 803
2024-02-27  1:56:50 0 [Note] InnoDB: Loading buffer pool(s) from E:\Programme\XAMMP\mysql\data\ib_buffer_pool
2024-02-27  1:56:50 0 [Note] Plugin 'FEEDBACK' is disabled.
2024-02-27  1:56:50 0 [Note] InnoDB: Buffer pool(s) load completed at 240227  1:56:50
2024-02-27  1:56:50 0 [Note] Server socket created on IP: '::'.
2024-02-27 21:07:53 0 [Note] Starting MariaDB 10.4.32-MariaDB source revision c4143f909528e3fab0677a28631d10389354c491 as process 15292
2024-02-27 21:07:53 0 [Note] InnoDB: Mutexes and rw_locks use Windows interlocked functions
2024-02-27 21:07:53 0 [Note] InnoDB: Uses event mutexes
2024-02-27 21:07:53 0 [Note] InnoDB: Compressed tables use zlib 1.3
2024-02-27 21:07:53 0 [Note] InnoDB: Number of pools: 1
2024-02-27 21:07:53 0 [Note] InnoDB: Using SSE2 crc32 instructions
2024-02-27 21:07:53 0 [Note] InnoDB: Initializing buffer pool, total size = 16M, instances = 1, chunk size = 16M
2024-02-27 21:07:53 0 [Note] InnoDB: Completed initialization of buffer pool
2024-02-27 21:07:53 0 [Note] InnoDB: Starting crash recovery from checkpoint LSN=1595862
2024-02-27 21:07:54 0 [Note] InnoDB: 128 out of 128 rollback segments are active.
2024-02-27 21:07:54 0 [Note] InnoDB: Removed temporary tablespace data file: "ibtmp1"
2024-02-27 21:07:54 0 [Note] InnoDB: Creating shared tablespace for temporary tables
2024-02-27 21:07:54 0 [Note] InnoDB: Setting file 'E:\Programme\XAMMP\mysql\data\ibtmp1' size to 12 MB. Physically writing the file full; Please wait ...
2024-02-27 21:07:54 0 [Note] InnoDB: File 'E:\Programme\XAMMP\mysql\data\ibtmp1' size is now 12 MB.
2024-02-27 21:07:54 0 [Note] InnoDB: 10.4.32 started; log sequence number 1595871; transaction id 861
2024-02-27 21:07:54 0 [Note] InnoDB: Loading buffer pool(s) from E:\Programme\XAMMP\mysql\data\ib_buffer_pool
2024-02-27 21:07:54 0 [Note] Plugin 'FEEDBACK' is disabled.
2024-02-27 21:07:54 0 [Note] InnoDB: Buffer pool(s) load completed at 240227 21:07:54
2024-02-27 21:07:54 0 [Note] Server socket created on IP: '::'.
2024-02-28 17:41:55 0 [Note] Starting MariaDB 10.4.32-MariaDB source revision c4143f909528e3fab0677a28631d10389354c491 as process 4004
2024-02-28 17:41:55 0 [Note] InnoDB: Mutexes and rw_locks use Windows interlocked functions
2024-02-28 17:41:55 0 [Note] InnoDB: Uses event mutexes
2024-02-28 17:41:55 0 [Note] InnoDB: Compressed tables use zlib 1.3
2024-02-28 17:41:55 0 [Note] InnoDB: Number of pools: 1
2024-02-28 17:41:55 0 [Note] InnoDB: Using SSE2 crc32 instructions
2024-02-28 17:41:55 0 [Note] InnoDB: Initializing buffer pool, total size = 16M, instances = 1, chunk size = 16M
2024-02-28 17:41:55 0 [Note] InnoDB: Completed initialization of buffer pool
2024-02-28 17:41:55 0 [Note] InnoDB: Starting crash recovery from checkpoint LSN=1595880
2024-02-28 17:41:56 0 [Note] InnoDB: 128 out of 128 rollback segments are active.
2024-02-28 17:41:56 0 [Note] InnoDB: Removed temporary tablespace data file: "ibtmp1"
2024-02-28 17:41:56 0 [Note] InnoDB: Creating shared tablespace for temporary tables
2024-02-28 17:41:56 0 [Note] InnoDB: Setting file 'E:\Programme\XAMMP\mysql\data\ibtmp1' size to 12 MB. Physically writing the file full; Please wait ...
2024-02-28 17:41:56 0 [Note] InnoDB: File 'E:\Programme\XAMMP\mysql\data\ibtmp1' size is now 12 MB.
2024-02-28 17:41:56 0 [Note] InnoDB: Waiting for purge to start
2024-02-28 17:41:56 0 [Note] InnoDB: 10.4.32 started; log sequence number 1595889; transaction id 861
2024-02-28 17:41:56 0 [Note] InnoDB: Loading buffer pool(s) from E:\Programme\XAMMP\mysql\data\ib_buffer_pool
2024-02-28 17:41:56 0 [Note] Plugin 'FEEDBACK' is disabled.
2024-02-28 17:41:56 0 [Note] InnoDB: Buffer pool(s) load completed at 240228 17:41:56
2024-02-28 17:41:56 0 [Note] Server socket created on IP: '::'.
2024-02-28 17:52:11 0 [Note] Starting MariaDB 10.4.32-MariaDB source revision c4143f909528e3fab0677a28631d10389354c491 as process 1536
2024-02-28 17:52:11 0 [Note] InnoDB: Mutexes and rw_locks use Windows interlocked functions
2024-02-28 17:52:11 0 [Note] InnoDB: Uses event mutexes
2024-02-28 17:52:11 0 [Note] InnoDB: Compressed tables use zlib 1.3
2024-02-28 17:52:11 0 [Note] InnoDB: Number of pools: 1
2024-02-28 17:52:11 0 [Note] InnoDB: Using SSE2 crc32 instructions
2024-02-28 17:52:11 0 [Note] InnoDB: Initializing buffer pool, total size = 16M, instances = 1, chunk size = 16M
2024-02-28 17:52:11 0 [Note] InnoDB: Completed initialization of buffer pool
2024-02-28 17:52:11 0 [Note] InnoDB: Starting crash recovery from checkpoint LSN=1598350
2024-02-28 17:52:11 0 [Note] InnoDB: 128 out of 128 rollback segments are active.
2024-02-28 17:52:11 0 [Note] InnoDB: Removed temporary tablespace data file: "ibtmp1"
2024-02-28 17:52:11 0 [Note] InnoDB: Creating shared tablespace for temporary tables
2024-02-28 17:52:11 0 [Note] InnoDB: Setting file 'E:\Programme\XAMMP\mysql\data\ibtmp1' size to 12 MB. Physically writing the file full; Please wait ...
2024-02-28 17:52:11 0 [Note] InnoDB: File 'E:\Programme\XAMMP\mysql\data\ibtmp1' size is now 12 MB.
2024-02-28 17:52:11 0 [Note] InnoDB: Waiting for purge to start
2024-02-28 17:52:11 0 [Note] InnoDB: 10.4.32 started; log sequence number 1598359; transaction id 909
2024-02-28 17:52:11 0 [Note] InnoDB: Loading buffer pool(s) from E:\Programme\XAMMP\mysql\data\ib_buffer_pool
2024-02-28 17:52:11 0 [Note] Plugin 'FEEDBACK' is disabled.
2024-02-28 17:52:11 0 [Note] Server socket created on IP: '::'.
2024-02-29 19:43:02 0 [Note] Starting MariaDB 10.4.32-MariaDB source revision c4143f909528e3fab0677a28631d10389354c491 as process 7328
2024-02-29 19:43:02 0 [Note] InnoDB: Mutexes and rw_locks use Windows interlocked functions
2024-02-29 19:43:02 0 [Note] InnoDB: Uses event mutexes
2024-02-29 19:43:02 0 [Note] InnoDB: Compressed tables use zlib 1.3
2024-02-29 19:43:02 0 [Note] InnoDB: Number of pools: 1
2024-02-29 19:43:02 0 [Note] InnoDB: Using SSE2 crc32 instructions
2024-02-29 19:43:02 0 [Note] InnoDB: Initializing buffer pool, total size = 16M, instances = 1, chunk size = 16M
2024-02-29 19:43:02 0 [Note] InnoDB: Completed initialization of buffer pool
2024-02-29 19:43:02 0 [Note] InnoDB: Starting crash recovery from checkpoint LSN=2977696
2024-02-29 19:43:02 0 [Note] InnoDB: 128 out of 128 rollback segments are active.
2024-02-29 19:43:02 0 [Note] InnoDB: Removed temporary tablespace data file: "ibtmp1"
2024-02-29 19:43:02 0 [Note] InnoDB: Creating shared tablespace for temporary tables
2024-02-29 19:43:02 0 [Note] InnoDB: Setting file 'C:\XAMMP\mysql\data\ibtmp1' size to 12 MB. Physically writing the file full; Please wait ...
2024-02-29 19:43:02 0 [Note] InnoDB: File 'C:\XAMMP\mysql\data\ibtmp1' size is now 12 MB.
2024-02-29 19:43:02 0 [Note] InnoDB: Waiting for purge to start
2024-02-29 19:43:02 0 [Note] InnoDB: 10.4.32 started; log sequence number 2977705; transaction id 1560
2024-02-29 19:43:02 0 [Note] InnoDB: Loading buffer pool(s) from C:\XAMMP\mysql\data\ib_buffer_pool
2024-02-29 19:43:02 0 [Note] Plugin 'FEEDBACK' is disabled.
2024-02-29 19:43:02 0 [Note] InnoDB: Buffer pool(s) load completed at 240229 19:43:02
2024-02-29 19:43:02 0 [Note] Server socket created on IP: '::'.
2024-02-29 19:43:03 0 [Note] Reading of all Master_info entries succeeded
2024-02-29 19:43:03 0 [Note] Added new Master_info '' to hash table
2024-02-29 19:43:03 0 [Note] C:\xammp\mysql\bin\mysqld.exe: ready for connections.
Version: '10.4.32-MariaDB'  socket: ''  port: 3306  mariadb.org binary distribution
2024-03-14  0:28:48 0 [Note] C:\xammp\mysql\bin\mysqld.exe (initiated by: unknown): Normal shutdown
2024-03-14  0:28:48 0 [Note] Event Scheduler: Purging the queue. 0 events
2024-03-14  0:28:48 0 [Note] InnoDB: FTS optimize thread exiting.
2024-03-14  0:28:48 0 [Note] InnoDB: Starting shutdown...
2024-03-14  0:28:48 0 [Note] InnoDB: Dumping buffer pool(s) to C:\XAMMP\mysql\data\ib_buffer_pool
2024-03-14  0:28:48 0 [Note] InnoDB: Instance 0, restricted to 250 pages due to innodb_buf_pool_dump_pct=25
2024-03-14  0:28:48 0 [Note] InnoDB: Buffer pool(s) dump completed at 240314  0:28:48
2024-03-14  0:28:49 0 [Note] InnoDB: Removed temporary tablespace data file: "ibtmp1"
2024-03-14  0:28:49 0 [Note] InnoDB: Shutdown completed; log sequence number 3018333; transaction id 1643
2024-03-14  0:28:49 0 [Note] C:\xammp\mysql\bin\mysqld.exe: Shutdown complete

2024-03-14  0:31:45 0 [Note] Starting MariaDB 10.4.32-MariaDB source revision c4143f909528e3fab0677a28631d10389354c491 as process 5964
2024-03-14  0:31:45 0 [Note] InnoDB: Mutexes and rw_locks use Windows interlocked functions
2024-03-14  0:31:45 0 [Note] InnoDB: Uses event mutexes
2024-03-14  0:31:45 0 [Note] InnoDB: Compressed tables use zlib 1.3
2024-03-14  0:31:45 0 [Note] InnoDB: Number of pools: 1
2024-03-14  0:31:45 0 [Note] InnoDB: Using SSE2 crc32 instructions
2024-03-14  0:31:45 0 [Note] InnoDB: Initializing buffer pool, total size = 16M, instances = 1, chunk size = 16M
2024-03-14  0:31:45 0 [Note] InnoDB: Completed initialization of buffer pool
2024-03-14  0:31:46 0 [Note] InnoDB: 128 out of 128 rollback segments are active.
2024-03-14  0:31:46 0 [Note] InnoDB: Creating shared tablespace for temporary tables
2024-03-14  0:31:46 0 [Note] InnoDB: Setting file 'C:\XAMMP\mysql\data\ibtmp1' size to 12 MB. Physically writing the file full; Please wait ...
2024-03-14  0:31:46 0 [Note] InnoDB: File 'C:\XAMMP\mysql\data\ibtmp1' size is now 12 MB.
2024-03-14  0:31:46 0 [Note] InnoDB: Waiting for purge to start
2024-03-14  0:31:46 0 [Note] InnoDB: 10.4.32 started; log sequence number 3018333; transaction id 1642
2024-03-14  0:31:46 0 [Note] InnoDB: Loading buffer pool(s) from C:\XAMMP\mysql\data\ib_buffer_pool
2024-03-14  0:31:46 0 [Note] Plugin 'FEEDBACK' is disabled.
2024-03-14  0:31:46 0 [Note] Server socket created on IP: '::'.
2024-03-14  0:31:46 0 [Note] InnoDB: Buffer pool(s) load completed at 240314  0:31:46
2024-03-14  0:31:46 0 [Note] Reading of all Master_info entries succeeded
2024-03-14  0:31:46 0 [Note] Added new Master_info '' to hash table
2024-03-14  0:31:46 0 [Note] C:\xammp\mysql\bin\mysqld.exe: ready for connections.
Version: '10.4.32-MariaDB'  socket: ''  port: 3306  mariadb.org binary distribution
2024-03-14 11:20:53 0 [Note] C:\xammp\mysql\bin\mysqld.exe (initiated by: unknown): Normal shutdown
2024-03-14 11:20:53 0 [Note] Event Scheduler: Purging the queue. 0 events
2024-03-14 11:20:53 0 [Note] InnoDB: FTS optimize thread exiting.
2024-03-14 11:20:53 0 [Note] InnoDB: Starting shutdown...
2024-03-14 11:20:53 0 [Note] InnoDB: Dumping buffer pool(s) to C:\XAMMP\mysql\data\ib_buffer_pool
2024-03-14 11:20:53 0 [Note] InnoDB: Instance 0, restricted to 250 pages due to innodb_buf_pool_dump_pct=25
2024-03-14 11:20:53 0 [Note] InnoDB: Buffer pool(s) dump completed at 240314 11:20:53
2024-03-14 11:20:54 0 [Note] InnoDB: Removed temporary tablespace data file: "ibtmp1"
2024-03-14 11:20:54 0 [Note] InnoDB: Shutdown completed; log sequence number 3018342; transaction id 1643
2024-03-14 11:20:54 0 [Note] C:\xammp\mysql\bin\mysqld.exe: Shutdown complete

2024-03-14 10:36:00 0 [Note] Starting MariaDB 10.4.32-MariaDB source revision c4143f909528e3fab0677a28631d10389354c491 as process 5752
2024-03-14 10:36:00 0 [Note] InnoDB: Mutexes and rw_locks use Windows interlocked functions
2024-03-14 10:36:00 0 [Note] InnoDB: Uses event mutexes
2024-03-14 10:36:00 0 [Note] InnoDB: Compressed tables use zlib 1.3
2024-03-14 10:36:00 0 [Note] InnoDB: Number of pools: 1
2024-03-14 10:36:00 0 [Note] InnoDB: Using SSE2 crc32 instructions
2024-03-14 10:36:00 0 [Note] InnoDB: Initializing buffer pool, total size = 16M, instances = 1, chunk size = 16M
2024-03-14 10:36:00 0 [Note] InnoDB: Completed initialization of buffer pool
2024-03-14 10:36:00 0 [Note] InnoDB: 128 out of 128 rollback segments are active.
2024-03-14 10:36:00 0 [Note] InnoDB: Creating shared tablespace for temporary tables
2024-03-14 10:36:00 0 [Note] InnoDB: Setting file 'C:\XAMMP\mysql\data\ibtmp1' size to 12 MB. Physically writing the file full; Please wait ...
2024-03-14 10:36:00 0 [Note] InnoDB: File 'C:\XAMMP\mysql\data\ibtmp1' size is now 12 MB.
2024-03-14 10:36:00 0 [Note] InnoDB: Waiting for purge to start
2024-03-14 10:36:00 0 [Note] InnoDB: 10.4.32 started; log sequence number 3018342; transaction id 1642
2024-03-14 10:36:00 0 [Note] InnoDB: Loading buffer pool(s) from C:\XAMMP\mysql\data\ib_buffer_pool
2024-03-14 10:36:00 0 [Note] Plugin 'FEEDBACK' is disabled.
2024-03-14 10:36:00 0 [Note] Server socket created on IP: '::'.
2024-03-14 10:36:00 0 [Note] InnoDB: Buffer pool(s) load completed at 240314 10:36:00
2024-03-14 10:36:00 0 [Note] Reading of all Master_info entries succeeded
2024-03-14 10:36:00 0 [Note] Added new Master_info '' to hash table
2024-03-14 10:36:00 0 [Note] C:\xammp\mysql\bin\mysqld.exe: ready for connections.
Version: '10.4.32-MariaDB'  socket: ''  port: 3306  mariadb.org binary distribution
2024-03-14 10:52:42 0 [Note] C:\xammp\mysql\bin\mysqld.exe (initiated by: unknown): Normal shutdown
2024-03-14 10:52:42 0 [Note] Event Scheduler: Purging the queue. 0 events
2024-03-14 10:52:42 0 [Note] InnoDB: FTS optimize thread exiting.
2024-03-14 10:52:42 0 [Note] InnoDB: Starting shutdown...
2024-03-14 10:52:42 0 [Note] InnoDB: Dumping buffer pool(s) to C:\XAMMP\mysql\data\ib_buffer_pool
2024-03-14 10:52:42 0 [Note] InnoDB: Instance 0, restricted to 250 pages due to innodb_buf_pool_dump_pct=25
2024-03-14 10:52:42 0 [Note] InnoDB: Buffer pool(s) dump completed at 240314 10:52:42
2024-03-14 10:52:43 0 [Note] InnoDB: Removed temporary tablespace data file: "ibtmp1"
2024-03-14 10:52:43 0 [Note] InnoDB: Shutdown completed; log sequence number 3018351; transaction id 1643
2024-03-14 10:52:43 0 [Note] C:\xammp\mysql\bin\mysqld.exe: Shutdown complete

2024-03-14 11:07:28 0 [Note] Starting MariaDB 10.4.32-MariaDB source revision c4143f909528e3fab0677a28631d10389354c491 as process 5944
2024-03-14 11:07:28 0 [Note] InnoDB: Mutexes and rw_locks use Windows interlocked functions
2024-03-14 11:07:28 0 [Note] InnoDB: Uses event mutexes
2024-03-14 11:07:28 0 [Note] InnoDB: Compressed tables use zlib 1.3
2024-03-14 11:07:28 0 [Note] InnoDB: Number of pools: 1
2024-03-14 11:07:28 0 [Note] InnoDB: Using SSE2 crc32 instructions
2024-03-14 11:07:28 0 [Note] InnoDB: Initializing buffer pool, total size = 16M, instances = 1, chunk size = 16M
2024-03-14 11:07:28 0 [Note] InnoDB: Completed initialization of buffer pool
2024-03-14 11:07:28 0 [Note] InnoDB: 128 out of 128 rollback segments are active.
2024-03-14 11:07:28 0 [Note] InnoDB: Creating shared tablespace for temporary tables
2024-03-14 11:07:28 0 [Note] InnoDB: Setting file 'C:\XAMMP\mysql\data\ibtmp1' size to 12 MB. Physically writing the file full; Please wait ...
2024-03-14 11:07:28 0 [Note] InnoDB: File 'C:\XAMMP\mysql\data\ibtmp1' size is now 12 MB.
2024-03-14 11:07:28 0 [Note] InnoDB: Waiting for purge to start
2024-03-14 11:07:28 0 [Note] InnoDB: 10.4.32 started; log sequence number 3018351; transaction id 1642
2024-03-14 11:07:28 0 [Note] InnoDB: Loading buffer pool(s) from C:\XAMMP\mysql\data\ib_buffer_pool
2024-03-14 11:07:28 0 [Note] Plugin 'FEEDBACK' is disabled.
2024-03-14 11:07:28 0 [Note] InnoDB: Buffer pool(s) load completed at 240314 11:07:28
2024-03-14 11:07:28 0 [Note] Server socket created on IP: '::'.
2024-03-14 11:07:28 0 [Note] Reading of all Master_info entries succeeded
2024-03-14 11:07:28 0 [Note] Added new Master_info '' to hash table
2024-03-14 11:07:28 0 [Note] C:\xammp\mysql\bin\mysqld.exe: ready for connections.
Version: '10.4.32-MariaDB'  socket: ''  port: 3306  mariadb.org binary distribution
2024-03-14 11:18:45 0 [Note] C:\xammp\mysql\bin\mysqld.exe (initiated by: unknown): Normal shutdown
2024-03-14 11:18:45 0 [Note] Event Scheduler: Purging the queue. 0 events
2024-03-14 11:18:45 0 [Note] InnoDB: FTS optimize thread exiting.
2024-03-14 11:18:45 0 [Note] InnoDB: Starting shutdown...
2024-03-14 11:18:45 0 [Note] InnoDB: Dumping buffer pool(s) to C:\XAMMP\mysql\data\ib_buffer_pool
2024-03-14 11:18:45 0 [Note] InnoDB: Instance 0, restricted to 250 pages due to innodb_buf_pool_dump_pct=25
2024-03-14 11:18:45 0 [Note] InnoDB: Buffer pool(s) dump completed at 240314 11:18:45
2024-03-14 11:18:46 0 [Note] InnoDB: Removed temporary tablespace data file: "ibtmp1"
2024-03-14 11:18:46 0 [Note] InnoDB: Shutdown completed; log sequence number 3018360; transaction id 1643
2024-03-14 11:18:46 0 [Note] C:\xammp\mysql\bin\mysqld.exe: Shutdown complete

2024-03-16 15:46:04 0 [Note] Starting MariaDB 10.4.32-MariaDB source revision c4143f909528e3fab0677a28631d10389354c491 as process 5856
2024-03-16 15:46:04 0 [Note] InnoDB: Mutexes and rw_locks use Windows interlocked functions
2024-03-16 15:46:04 0 [Note] InnoDB: Uses event mutexes
2024-03-16 15:46:04 0 [Note] InnoDB: Compressed tables use zlib 1.3
2024-03-16 15:46:04 0 [Note] InnoDB: Number of pools: 1
2024-03-16 15:46:04 0 [Note] InnoDB: Using SSE2 crc32 instructions
2024-03-16 15:46:04 0 [Note] InnoDB: Initializing buffer pool, total size = 16M, instances = 1, chunk size = 16M
2024-03-16 15:46:04 0 [Note] InnoDB: Completed initialization of buffer pool
2024-03-16 15:46:04 0 [Note] InnoDB: 128 out of 128 rollback segments are active.
2024-03-16 15:46:04 0 [Note] InnoDB: Creating shared tablespace for temporary tables
2024-03-16 15:46:04 0 [Note] InnoDB: Setting file 'C:\XAMMP\mysql\data\ibtmp1' size to 12 MB. Physically writing the file full; Please wait ...
2024-03-16 15:46:04 0 [Note] InnoDB: File 'C:\XAMMP\mysql\data\ibtmp1' size is now 12 MB.
2024-03-16 15:46:04 0 [Note] InnoDB: Waiting for purge to start
2024-03-16 15:46:04 0 [Note] InnoDB: 10.4.32 started; log sequence number 3018360; transaction id 1642
2024-03-16 15:46:04 0 [Note] InnoDB: Loading buffer pool(s) from C:\XAMMP\mysql\data\ib_buffer_pool
2024-03-16 15:46:04 0 [Note] Plugin 'FEEDBACK' is disabled.
2024-03-16 15:46:04 0 [Note] Server socket created on IP: '::'.
2024-03-16 15:46:04 0 [Note] InnoDB: Buffer pool(s) load completed at 240316 15:46:04
2024-03-16 15:46:04 0 [Note] Reading of all Master_info entries succeeded
2024-03-16 15:46:04 0 [Note] Added new Master_info '' to hash table
2024-03-16 15:46:04 0 [Note] C:\xammp\mysql\bin\mysqld.exe: ready for connections.
Version: '10.4.32-MariaDB'  socket: ''  port: 3306  mariadb.org binary distribution
2024-03-25 11:56:13 0 [Note] C:\xammp\mysql\bin\mysqld.exe (initiated by: unknown): Normal shutdown
2024-03-25 11:56:13 0 [Note] Event Scheduler: Purging the queue. 0 events
2024-03-25 11:56:13 0 [Note] InnoDB: FTS optimize thread exiting.
2024-03-25 11:56:13 0 [Note] InnoDB: Starting shutdown...
2024-03-25 11:56:13 0 [Note] InnoDB: Dumping buffer pool(s) to C:\XAMMP\mysql\data\ib_buffer_pool
2024-03-25 11:56:13 0 [Note] InnoDB: Instance 0, restricted to 250 pages due to innodb_buf_pool_dump_pct=25
2024-03-25 11:56:13 0 [Note] InnoDB: Buffer pool(s) dump completed at 240325 11:56:13
2024-03-25 11:56:14 0 [Note] InnoDB: Removed temporary tablespace data file: "ibtmp1"
2024-03-25 11:56:14 0 [Note] InnoDB: Shutdown completed; log sequence number 3018369; transaction id 1643
2024-03-25 11:56:14 0 [Note] C:\xammp\mysql\bin\mysqld.exe: Shutdown complete

2024-03-25 11:58:21 0 [Note] Starting MariaDB 10.4.32-MariaDB source revision c4143f909528e3fab0677a28631d10389354c491 as process 5520
2024-03-25 11:58:21 0 [Note] InnoDB: Mutexes and rw_locks use Windows interlocked functions
2024-03-25 11:58:21 0 [Note] InnoDB: Uses event mutexes
2024-03-25 11:58:21 0 [Note] InnoDB: Compressed tables use zlib 1.3
2024-03-25 11:58:21 0 [Note] InnoDB: Number of pools: 1
2024-03-25 11:58:21 0 [Note] InnoDB: Using SSE2 crc32 instructions
2024-03-25 11:58:21 0 [Note] InnoDB: Initializing buffer pool, total size = 16M, instances = 1, chunk size = 16M
2024-03-25 11:58:21 0 [Note] InnoDB: Completed initialization of buffer pool
2024-03-25 11:58:22 0 [Note] InnoDB: 128 out of 128 rollback segments are active.
2024-03-25 11:58:22 0 [Note] InnoDB: Creating shared tablespace for temporary tables
2024-03-25 11:58:22 0 [Note] InnoDB: Setting file 'C:\XAMMP\mysql\data\ibtmp1' size to 12 MB. Physically writing the file full; Please wait ...
2024-03-25 11:58:22 0 [Note] InnoDB: File 'C:\XAMMP\mysql\data\ibtmp1' size is now 12 MB.
2024-03-25 11:58:22 0 [Note] InnoDB: Waiting for purge to start
2024-03-25 11:58:22 0 [Note] InnoDB: 10.4.32 started; log sequence number 3018369; transaction id 1642
2024-03-25 11:58:22 0 [Note] Plugin 'FEEDBACK' is disabled.
2024-03-25 11:58:22 0 [Note] InnoDB: Loading buffer pool(s) from C:\XAMMP\mysql\data\ib_buffer_pool
2024-03-25 11:58:22 0 [Note] InnoDB: Buffer pool(s) load completed at 240325 11:58:22
2024-03-25 11:58:22 0 [Note] Server socket created on IP: '::'.
2024-03-25 11:58:22 0 [Note] Reading of all Master_info entries succeeded
2024-03-25 11:58:22 0 [Note] Added new Master_info '' to hash table
2024-03-25 11:58:22 0 [Note] C:\xammp\mysql\bin\mysqld.exe: ready for connections.
Version: '10.4.32-MariaDB'  socket: ''  port: 3306  mariadb.org binary distribution
2024-03-27 12:51:25 0 [Note] C:\xammp\mysql\bin\mysqld.exe (initiated by: unknown): Normal shutdown
2024-03-27 12:51:25 0 [Note] Event Scheduler: Purging the queue. 0 events
2024-03-27 12:51:25 0 [Note] InnoDB: FTS optimize thread exiting.
2024-03-27 12:51:25 0 [Note] InnoDB: Starting shutdown...
2024-03-27 12:51:25 0 [Note] InnoDB: Dumping buffer pool(s) to C:\XAMMP\mysql\data\ib_buffer_pool
2024-03-27 12:51:25 0 [Note] InnoDB: Instance 0, restricted to 250 pages due to innodb_buf_pool_dump_pct=25
2024-03-27 12:51:25 0 [Note] InnoDB: Buffer pool(s) dump completed at 240327 12:51:25
2024-03-27 12:51:26 0 [Note] InnoDB: Removed temporary tablespace data file: "ibtmp1"
2024-03-27 12:51:26 0 [Note] InnoDB: Shutdown completed; log sequence number 3018836; transaction id 1671
2024-03-27 12:51:26 0 [Note] C:\xammp\mysql\bin\mysqld.exe: Shutdown complete

2024-03-27 12:53:24 0 [Note] Starting MariaDB 10.4.32-MariaDB source revision c4143f909528e3fab0677a28631d10389354c491 as process 5916
2024-03-27 12:53:24 0 [Note] InnoDB: Mutexes and rw_locks use Windows interlocked functions
2024-03-27 12:53:24 0 [Note] InnoDB: Uses event mutexes
2024-03-27 12:53:24 0 [Note] InnoDB: Compressed tables use zlib 1.3
2024-03-27 12:53:24 0 [Note] InnoDB: Number of pools: 1
2024-03-27 12:53:24 0 [Note] InnoDB: Using SSE2 crc32 instructions
2024-03-27 12:53:24 0 [Note] InnoDB: Initializing buffer pool, total size = 16M, instances = 1, chunk size = 16M
2024-03-27 12:53:24 0 [Note] InnoDB: Completed initialization of buffer pool
2024-03-27 12:53:24 0 [Note] InnoDB: 128 out of 128 rollback segments are active.
2024-03-27 12:53:24 0 [Note] InnoDB: Creating shared tablespace for temporary tables
2024-03-27 12:53:24 0 [Note] InnoDB: Setting file 'C:\XAMMP\mysql\data\ibtmp1' size to 12 MB. Physically writing the file full; Please wait ...
2024-03-27 12:53:24 0 [Note] InnoDB: File 'C:\XAMMP\mysql\data\ibtmp1' size is now 12 MB.
2024-03-27 12:53:24 0 [Note] InnoDB: Waiting for purge to start
2024-03-27 12:53:25 0 [Note] InnoDB: 10.4.32 started; log sequence number 3018836; transaction id 1670
2024-03-27 12:53:25 0 [Note] InnoDB: Loading buffer pool(s) from C:\XAMMP\mysql\data\ib_buffer_pool
2024-03-27 12:53:25 0 [Note] Plugin 'FEEDBACK' is disabled.
2024-03-27 12:53:25 0 [Note] Server socket created on IP: '::'.
2024-03-27 12:53:25 0 [Note] InnoDB: Buffer pool(s) load completed at 240327 12:53:25
2024-03-27 12:53:25 0 [Note] Reading of all Master_info entries succeeded
2024-03-27 12:53:25 0 [Note] Added new Master_info '' to hash table
2024-03-27 12:53:25 0 [Note] C:\xammp\mysql\bin\mysqld.exe: ready for connections.
Version: '10.4.32-MariaDB'  socket: ''  port: 3306  mariadb.org binary distribution
2024-03-27 20:05:28 122 [Warning] Access denied for user 'rootq'@'localhost' (using password: NO)
2024-03-27 20:08:04 123 [Warning] Access denied for user 'rootq'@'localhost' (using password: NO)
2024-03-27 20:08:14 124 [Warning] Access denied for user 'rootq'@'localhost' (using password: NO)
2024-03-27 20:11:14 127 [Warning] Access denied for user 'rootd'@'localhost' (using password: NO)
2024-03-27 20:11:46 128 [Warning] Access denied for user 'rootd'@'localhost' (using password: NO)
2024-03-27 20:11:49 129 [Warning] Access denied for user 'rootd'@'localhost' (using password: NO)
2024-03-27 20:11:49 130 [Warning] Access denied for user 'rootd'@'localhost' (using password: NO)
2024-03-27 20:11:50 131 [Warning] Access denied for user 'rootd'@'localhost' (using password: NO)
2024-03-27 20:11:51 132 [Warning] Access denied for user 'rootd'@'localhost' (using password: NO)
2024-03-27 20:11:51 133 [Warning] Access denied for user 'rootd'@'localhost' (using password: NO)
2024-03-27 20:11:55 134 [Warning] Access denied for user 'rootd'@'localhost' (using password: NO)
2024-04-06 16:27:17 0 [Note] C:\xammp\mysql\bin\mysqld.exe (initiated by: unknown): Normal shutdown
2024-04-06 16:27:17 0 [Note] Event Scheduler: Purging the queue. 0 events
2024-04-06 16:27:17 0 [Note] InnoDB: FTS optimize thread exiting.
2024-04-06 16:27:17 0 [Note] InnoDB: Starting shutdown...
2024-04-06 16:27:17 0 [Note] InnoDB: Dumping buffer pool(s) to C:\XAMMP\mysql\data\ib_buffer_pool
2024-04-06 16:27:17 0 [Note] InnoDB: Instance 0, restricted to 250 pages due to innodb_buf_pool_dump_pct=25
2024-04-06 16:27:17 0 [Note] InnoDB: Buffer pool(s) dump completed at 240406 16:27:17
2024-04-06 16:27:18 0 [Note] InnoDB: Removed temporary tablespace data file: "ibtmp1"
2024-04-06 16:27:18 0 [Note] InnoDB: Shutdown completed; log sequence number 3232079; transaction id 2080
2024-04-06 16:27:18 0 [Note] C:\xammp\mysql\bin\mysqld.exe: Shutdown complete

2024-04-08 19:08:44 0 [Note] Starting MariaDB 10.4.32-MariaDB source revision c4143f909528e3fab0677a28631d10389354c491 as process 6156
2024-04-08 19:08:44 0 [Note] InnoDB: Mutexes and rw_locks use Windows interlocked functions
2024-04-08 19:08:44 0 [Note] InnoDB: Uses event mutexes
2024-04-08 19:08:44 0 [Note] InnoDB: Compressed tables use zlib 1.3
2024-04-08 19:08:44 0 [Note] InnoDB: Number of pools: 1
2024-04-08 19:08:44 0 [Note] InnoDB: Using SSE2 crc32 instructions
2024-04-08 19:08:44 0 [Note] InnoDB: Initializing buffer pool, total size = 16M, instances = 1, chunk size = 16M
2024-04-08 19:08:44 0 [Note] InnoDB: Completed initialization of buffer pool
2024-04-08 19:08:44 0 [Note] InnoDB: 128 out of 128 rollback segments are active.
2024-04-08 19:08:44 0 [Note] InnoDB: Creating shared tablespace for temporary tables
2024-04-08 19:08:44 0 [Note] InnoDB: Setting file 'C:\XAMMP\mysql\data\ibtmp1' size to 12 MB. Physically writing the file full; Please wait ...
2024-04-08 19:08:44 0 [Note] InnoDB: File 'C:\XAMMP\mysql\data\ibtmp1' size is now 12 MB.
2024-04-08 19:08:44 0 [Note] InnoDB: Waiting for purge to start
2024-04-08 19:08:44 0 [Note] InnoDB: 10.4.32 started; log sequence number 3232079; transaction id 2081
2024-04-08 19:08:44 0 [Note] InnoDB: Loading buffer pool(s) from C:\XAMMP\mysql\data\ib_buffer_pool
2024-04-08 19:08:44 0 [Note] Plugin 'FEEDBACK' is disabled.
2024-04-08 19:08:44 0 [Note] Server socket created on IP: '::'.
2024-04-08 19:08:44 0 [Note] InnoDB: Buffer pool(s) load completed at 240408 19:08:44
2024-04-08 19:08:44 0 [Note] Reading of all Master_info entries succeeded
2024-04-08 19:08:44 0 [Note] Added new Master_info '' to hash table
2024-04-08 19:08:44 0 [Note] C:\xammp\mysql\bin\mysqld.exe: ready for connections.
Version: '10.4.32-MariaDB'  socket: ''  port: 3306  mariadb.org binary distribution
2024-04-08 22:37:31 0 [Note] C:\xammp\mysql\bin\mysqld.exe (initiated by: unknown): Normal shutdown
2024-04-08 22:37:31 0 [Note] Event Scheduler: Purging the queue. 0 events
2024-04-08 22:37:31 0 [Note] InnoDB: FTS optimize thread exiting.
2024-04-08 22:37:31 0 [Note] InnoDB: Starting shutdown...
2024-04-08 22:37:31 0 [Note] InnoDB: Dumping buffer pool(s) to C:\XAMMP\mysql\data\ib_buffer_pool
2024-04-08 22:37:31 0 [Note] InnoDB: Instance 0, restricted to 250 pages due to innodb_buf_pool_dump_pct=25
2024-04-08 22:37:31 0 [Note] InnoDB: Buffer pool(s) dump completed at 240408 22:37:31
2024-04-08 22:37:32 0 [Note] InnoDB: Removed temporary tablespace data file: "ibtmp1"
2024-04-08 22:37:32 0 [Note] InnoDB: Shutdown completed; log sequence number 3232088; transaction id 2087
2024-04-08 22:37:32 0 [Note] C:\xammp\mysql\bin\mysqld.exe: Shutdown complete

2024-04-10  7:07:15 0 [Note] Starting MariaDB 10.4.32-MariaDB source revision c4143f909528e3fab0677a28631d10389354c491 as process 5676
2024-04-10  7:07:15 0 [Note] InnoDB: Mutexes and rw_locks use Windows interlocked functions
2024-04-10  7:07:15 0 [Note] InnoDB: Uses event mutexes
2024-04-10  7:07:15 0 [Note] InnoDB: Compressed tables use zlib 1.3
2024-04-10  7:07:15 0 [Note] InnoDB: Number of pools: 1
2024-04-10  7:07:15 0 [Note] InnoDB: Using SSE2 crc32 instructions
2024-04-10  7:07:15 0 [Note] InnoDB: Initializing buffer pool, total size = 16M, instances = 1, chunk size = 16M
2024-04-10  7:07:15 0 [Note] InnoDB: Completed initialization of buffer pool
2024-04-10  7:07:15 0 [Note] InnoDB: 128 out of 128 rollback segments are active.
2024-04-10  7:07:15 0 [Note] InnoDB: Creating shared tablespace for temporary tables
2024-04-10  7:07:15 0 [Note] InnoDB: Setting file 'C:\XAMMP\mysql\data\ibtmp1' size to 12 MB. Physically writing the file full; Please wait ...
2024-04-10  7:07:15 0 [Note] InnoDB: File 'C:\XAMMP\mysql\data\ibtmp1' size is now 12 MB.
2024-04-10  7:07:15 0 [Note] InnoDB: Waiting for purge to start
2024-04-10  7:07:15 0 [Note] InnoDB: 10.4.32 started; log sequence number 3232088; transaction id 2081
2024-04-10  7:07:15 0 [Note] InnoDB: Loading buffer pool(s) from C:\XAMMP\mysql\data\ib_buffer_pool
2024-04-10  7:07:15 0 [Note] Plugin 'FEEDBACK' is disabled.
2024-04-10  7:07:15 0 [Note] InnoDB: Buffer pool(s) load completed at 240410  7:07:15
2024-04-10  7:07:15 0 [Note] Server socket created on IP: '::'.
2024-04-10  7:07:16 0 [Note] Reading of all Master_info entries succeeded
2024-04-10  7:07:16 0 [Note] Added new Master_info '' to hash table
2024-04-10  7:07:16 0 [Note] C:\xammp\mysql\bin\mysqld.exe: ready for connections.
Version: '10.4.32-MariaDB'  socket: ''  port: 3306  mariadb.org binary distribution
2024-04-10 21:57:46 0 [Note] C:\xammp\mysql\bin\mysqld.exe (initiated by: unknown): Normal shutdown
2024-04-10 21:57:46 0 [Note] Event Scheduler: Purging the queue. 0 events
2024-04-10 21:57:46 0 [Note] InnoDB: FTS optimize thread exiting.
2024-04-10 21:57:46 0 [Note] InnoDB: Starting shutdown...
2024-04-10 21:57:46 0 [Note] InnoDB: Dumping buffer pool(s) to C:\XAMMP\mysql\data\ib_buffer_pool
2024-04-10 21:57:46 0 [Note] InnoDB: Instance 0, restricted to 250 pages due to innodb_buf_pool_dump_pct=25
2024-04-10 21:57:46 0 [Note] InnoDB: Buffer pool(s) dump completed at 240410 21:57:46
2024-04-10 21:57:47 0 [Note] InnoDB: Removed temporary tablespace data file: "ibtmp1"
2024-04-10 21:57:47 0 [Note] InnoDB: Shutdown completed; log sequence number 3232097; transaction id 2082
2024-04-10 21:57:47 0 [Note] C:\xammp\mysql\bin\mysqld.exe: Shutdown complete

2024-04-10 22:01:35 0 [Note] Starting MariaDB 10.4.32-MariaDB source revision c4143f909528e3fab0677a28631d10389354c491 as process 4904
2024-04-10 22:01:35 0 [Note] InnoDB: Mutexes and rw_locks use Windows interlocked functions
2024-04-10 22:01:35 0 [Note] InnoDB: Uses event mutexes
2024-04-10 22:01:35 0 [Note] InnoDB: Compressed tables use zlib 1.3
2024-04-10 22:01:35 0 [Note] InnoDB: Number of pools: 1
2024-04-10 22:01:35 0 [Note] InnoDB: Using SSE2 crc32 instructions
2024-04-10 22:01:35 0 [Note] InnoDB: Initializing buffer pool, total size = 16M, instances = 1, chunk size = 16M
2024-04-10 22:01:35 0 [Note] InnoDB: Completed initialization of buffer pool
2024-04-10 22:01:35 0 [Note] InnoDB: 128 out of 128 rollback segments are active.
2024-04-10 22:01:35 0 [Note] InnoDB: Creating shared tablespace for temporary tables
2024-04-10 22:01:35 0 [Note] InnoDB: Setting file 'C:\XAMMP\mysql\data\ibtmp1' size to 12 MB. Physically writing the file full; Please wait ...
2024-04-10 22:01:35 0 [Note] InnoDB: File 'C:\XAMMP\mysql\data\ibtmp1' size is now 12 MB.
2024-04-10 22:01:35 0 [Note] InnoDB: Waiting for purge to start
2024-04-10 22:01:35 0 [Note] InnoDB: 10.4.32 started; log sequence number 3232097; transaction id 2081
2024-04-10 22:01:35 0 [Note] InnoDB: Loading buffer pool(s) from C:\XAMMP\mysql\data\ib_buffer_pool
2024-04-10 22:01:35 0 [Note] Plugin 'FEEDBACK' is disabled.
2024-04-10 22:01:35 0 [Note] Server socket created on IP: '::'.
2024-04-10 22:01:35 0 [Note] InnoDB: Buffer pool(s) load completed at 240410 22:01:35
2024-04-10 22:01:35 0 [Note] Reading of all Master_info entries succeeded
2024-04-10 22:01:35 0 [Note] Added new Master_info '' to hash table
2024-04-10 22:01:35 0 [Note] C:\xammp\mysql\bin\mysqld.exe: ready for connections.
Version: '10.4.32-MariaDB'  socket: ''  port: 3306  mariadb.org binary distribution
2024-04-12 11:43:46 0 [Note] C:\xammp\mysql\bin\mysqld.exe (initiated by: unknown): Normal shutdown
2024-04-12 11:43:46 0 [Note] Event Scheduler: Purging the queue. 0 events
2024-04-12 11:43:46 0 [Note] InnoDB: FTS optimize thread exiting.
2024-04-12 11:43:46 0 [Note] InnoDB: Starting shutdown...
2024-04-12 11:43:46 0 [Note] InnoDB: Dumping buffer pool(s) to C:\XAMMP\mysql\data\ib_buffer_pool
2024-04-12 11:43:46 0 [Note] InnoDB: Instance 0, restricted to 250 pages due to innodb_buf_pool_dump_pct=25
2024-04-12 11:43:46 0 [Note] InnoDB: Buffer pool(s) dump completed at 240412 11:43:46
2024-04-12 11:43:47 0 [Note] InnoDB: Removed temporary tablespace data file: "ibtmp1"
2024-04-12 11:43:47 0 [Note] InnoDB: Shutdown completed; log sequence number 3232106; transaction id 2082
2024-04-12 11:43:47 0 [Note] C:\xammp\mysql\bin\mysqld.exe: Shutdown complete

2024-04-12 11:46:12 0 [Note] Starting MariaDB 10.4.32-MariaDB source revision c4143f909528e3fab0677a28631d10389354c491 as process 5048
2024-04-12 11:46:12 0 [Note] InnoDB: Mutexes and rw_locks use Windows interlocked functions
2024-04-12 11:46:12 0 [Note] InnoDB: Uses event mutexes
2024-04-12 11:46:12 0 [Note] InnoDB: Compressed tables use zlib 1.3
2024-04-12 11:46:12 0 [Note] InnoDB: Number of pools: 1
2024-04-12 11:46:12 0 [Note] InnoDB: Using SSE2 crc32 instructions
2024-04-12 11:46:12 0 [Note] InnoDB: Initializing buffer pool, total size = 16M, instances = 1, chunk size = 16M
2024-04-12 11:46:12 0 [Note] InnoDB: Completed initialization of buffer pool
2024-04-12 11:46:12 0 [Note] InnoDB: 128 out of 128 rollback segments are active.
2024-04-12 11:46:12 0 [Note] InnoDB: Creating shared tablespace for temporary tables
2024-04-12 11:46:12 0 [Note] InnoDB: Setting file 'C:\XAMMP\mysql\data\ibtmp1' size to 12 MB. Physically writing the file full; Please wait ...
2024-04-12 11:46:12 0 [Note] InnoDB: File 'C:\XAMMP\mysql\data\ibtmp1' size is now 12 MB.
2024-04-12 11:46:12 0 [Note] InnoDB: Waiting for purge to start
2024-04-12 11:46:12 0 [Note] InnoDB: 10.4.32 started; log sequence number 3232106; transaction id 2081
2024-04-12 11:46:12 0 [Note] Plugin 'FEEDBACK' is disabled.
2024-04-12 11:46:12 0 [Note] InnoDB: Loading buffer pool(s) from C:\XAMMP\mysql\data\ib_buffer_pool
2024-04-12 11:46:12 0 [Note] InnoDB: Buffer pool(s) load completed at 240412 11:46:12
2024-04-12 11:46:12 0 [Note] Server socket created on IP: '::'.
2024-04-12 11:46:12 0 [Note] Reading of all Master_info entries succeeded
2024-04-12 11:46:12 0 [Note] Added new Master_info '' to hash table
2024-04-12 11:46:12 0 [Note] C:\xammp\mysql\bin\mysqld.exe: ready for connections.
Version: '10.4.32-MariaDB'  socket: ''  port: 3306  mariadb.org binary distribution
2024-04-12 11:55:37 0 [Note] C:\xammp\mysql\bin\mysqld.exe (initiated by: unknown): Normal shutdown
2024-04-12 11:55:37 0 [Note] Event Scheduler: Purging the queue. 0 events
2024-04-12 11:55:37 0 [Note] InnoDB: FTS optimize thread exiting.
2024-04-12 11:55:37 0 [Note] InnoDB: Starting shutdown...
2024-04-12 11:55:37 0 [Note] InnoDB: Dumping buffer pool(s) to C:\XAMMP\mysql\data\ib_buffer_pool
2024-04-12 11:55:37 0 [Note] InnoDB: Instance 0, restricted to 250 pages due to innodb_buf_pool_dump_pct=25
2024-04-12 11:55:37 0 [Note] InnoDB: Buffer pool(s) dump completed at 240412 11:55:37
2024-04-12 11:55:39 0 [Note] InnoDB: Removed temporary tablespace data file: "ibtmp1"
2024-04-12 11:55:39 0 [Note] InnoDB: Shutdown completed; log sequence number 3232115; transaction id 2082
2024-04-12 11:55:39 0 [Note] C:\xammp\mysql\bin\mysqld.exe: Shutdown complete

2024-04-12 11:59:33 0 [Note] Starting MariaDB 10.4.32-MariaDB source revision c4143f909528e3fab0677a28631d10389354c491 as process 5744
2024-04-12 11:59:33 0 [Note] InnoDB: Mutexes and rw_locks use Windows interlocked functions
2024-04-12 11:59:33 0 [Note] InnoDB: Uses event mutexes
2024-04-12 11:59:33 0 [Note] InnoDB: Compressed tables use zlib 1.3
2024-04-12 11:59:33 0 [Note] InnoDB: Number of pools: 1
2024-04-12 11:59:33 0 [Note] InnoDB: Using SSE2 crc32 instructions
2024-04-12 11:59:33 0 [Note] InnoDB: Initializing buffer pool, total size = 16M, instances = 1, chunk size = 16M
2024-04-12 11:59:33 0 [Note] InnoDB: Completed initialization of buffer pool
2024-04-12 11:59:33 0 [Note] InnoDB: 128 out of 128 rollback segments are active.
2024-04-12 11:59:33 0 [Note] InnoDB: Creating shared tablespace for temporary tables
2024-04-12 11:59:33 0 [Note] InnoDB: Setting file 'C:\XAMMP\mysql\data\ibtmp1' size to 12 MB. Physically writing the file full; Please wait ...
2024-04-12 11:59:33 0 [Note] InnoDB: File 'C:\XAMMP\mysql\data\ibtmp1' size is now 12 MB.
2024-04-12 11:59:33 0 [Note] InnoDB: Waiting for purge to start
2024-04-12 11:59:33 0 [Note] InnoDB: 10.4.32 started; log sequence number 3232115; transaction id 2081
2024-04-12 11:59:33 0 [Note] Plugin 'FEEDBACK' is disabled.
2024-04-12 11:59:33 0 [Note] InnoDB: Loading buffer pool(s) from C:\XAMMP\mysql\data\ib_buffer_pool
2024-04-12 11:59:33 0 [Note] Server socket created on IP: '::'.
2024-04-12 11:59:33 0 [Note] InnoDB: Buffer pool(s) load completed at 240412 11:59:33
2024-04-12 11:59:33 0 [Note] Reading of all Master_info entries succeeded
2024-04-12 11:59:33 0 [Note] Added new Master_info '' to hash table
2024-04-12 11:59:33 0 [Note] C:\xammp\mysql\bin\mysqld.exe: ready for connections.
Version: '10.4.32-MariaDB'  socket: ''  port: 3306  mariadb.org binary distribution
2024-05-04 15:42:34 0 [Note] Starting MariaDB 10.4.32-MariaDB source revision c4143f909528e3fab0677a28631d10389354c491 as process 2900
2024-05-04 15:42:34 0 [Note] InnoDB: Mutexes and rw_locks use Windows interlocked functions
2024-05-04 15:42:34 0 [Note] InnoDB: Uses event mutexes
2024-05-04 15:42:34 0 [Note] InnoDB: Compressed tables use zlib 1.3
2024-05-04 15:42:34 0 [Note] InnoDB: Number of pools: 1
2024-05-04 15:42:34 0 [Note] InnoDB: Using SSE2 crc32 instructions
2024-05-04 15:42:34 0 [Note] InnoDB: Initializing buffer pool, total size = 16M, instances = 1, chunk size = 16M
2024-05-04 15:42:34 0 [Note] InnoDB: Completed initialization of buffer pool
2024-05-04 15:42:34 0 [Note] InnoDB: Starting crash recovery from checkpoint LSN=3234093
2024-05-04 15:42:34 0 [Note] InnoDB: 128 out of 128 rollback segments are active.
2024-05-04 15:42:34 0 [Note] InnoDB: Removed temporary tablespace data file: "ibtmp1"
2024-05-04 15:42:34 0 [Note] InnoDB: Creating shared tablespace for temporary tables
2024-05-04 15:42:34 0 [Note] InnoDB: Setting file 'C:\XAMMP\mysql\data\ibtmp1' size to 12 MB. Physically writing the file full; Please wait ...
2024-05-04 15:42:34 0 [Note] InnoDB: File 'C:\XAMMP\mysql\data\ibtmp1' size is now 12 MB.
2024-05-04 15:42:34 0 [Note] InnoDB: Waiting for purge to start
2024-05-04 15:42:34 0 [Note] InnoDB: 10.4.32 started; log sequence number 3234102; transaction id 2107
2024-05-04 15:42:34 0 [Note] InnoDB: Loading buffer pool(s) from C:\XAMMP\mysql\data\ib_buffer_pool
2024-05-04 15:42:34 0 [Note] Plugin 'FEEDBACK' is disabled.
2024-05-04 15:42:34 0 [Note] Server socket created on IP: '::'.
2024-05-04 15:42:34 0 [ERROR] Can't start server: Bind on TCP/IP port. Got error: 10048: Only one usage of each socket address (protocol/network address/port) is normally permitted.

2024-05-04 15:42:34 0 [ERROR] Do you already have another mysqld server running on port: 3306 ?
2024-05-04 15:42:34 0 [ERROR] Aborting
2024-05-04 15:45:47 0 [Note] Starting MariaDB 10.4.32-MariaDB source revision c4143f909528e3fab0677a28631d10389354c491 as process 8792
2024-05-04 15:45:47 0 [Note] InnoDB: Mutexes and rw_locks use Windows interlocked functions
2024-05-04 15:45:47 0 [Note] InnoDB: Uses event mutexes
2024-05-04 15:45:47 0 [Note] InnoDB: Compressed tables use zlib 1.3
2024-05-04 15:45:47 0 [Note] InnoDB: Number of pools: 1
2024-05-04 15:45:47 0 [Note] InnoDB: Using SSE2 crc32 instructions
2024-05-04 15:45:47 0 [Note] InnoDB: Initializing buffer pool, total size = 16M, instances = 1, chunk size = 16M
2024-05-04 15:45:47 0 [Note] InnoDB: Completed initialization of buffer pool
2024-05-04 15:45:47 0 [Note] InnoDB: 128 out of 128 rollback segments are active.
2024-05-04 15:45:47 0 [Note] InnoDB: Creating shared tablespace for temporary tables
2024-05-04 15:45:47 0 [Note] InnoDB: Setting file 'C:\XAMMP\mysql\data\ibtmp1' size to 12 MB. Physically writing the file full; Please wait ...
2024-05-04 15:45:47 0 [Note] InnoDB: File 'C:\XAMMP\mysql\data\ibtmp1' size is now 12 MB.
2024-05-04 15:45:47 0 [Note] InnoDB: Waiting for purge to start
2024-05-04 15:45:48 0 [Note] InnoDB: 10.4.32 started; log sequence number 3234111; transaction id 2107
2024-05-04 15:45:48 0 [Note] InnoDB: Loading buffer pool(s) from C:\XAMMP\mysql\data\ib_buffer_pool
2024-05-04 15:45:48 0 [Note] Plugin 'FEEDBACK' is disabled.
2024-05-04 15:45:48 0 [Note] Server socket created on IP: '::'.
2024-05-04 22:52:26 0 [Note] Starting MariaDB 10.4.32-MariaDB source revision c4143f909528e3fab0677a28631d10389354c491 as process 2740
2024-05-04 22:52:26 0 [Note] InnoDB: Mutexes and rw_locks use Windows interlocked functions
2024-05-04 22:52:26 0 [Note] InnoDB: Uses event mutexes
2024-05-04 22:52:26 0 [Note] InnoDB: Compressed tables use zlib 1.3
2024-05-04 22:52:26 0 [Note] InnoDB: Number of pools: 1
2024-05-04 22:52:26 0 [Note] InnoDB: Using SSE2 crc32 instructions
2024-05-04 22:52:26 0 [Note] InnoDB: Initializing buffer pool, total size = 16M, instances = 1, chunk size = 16M
2024-05-04 22:52:26 0 [Note] InnoDB: Completed initialization of buffer pool
2024-05-04 22:52:26 0 [Note] InnoDB: Starting crash recovery from checkpoint LSN=3234237
2024-05-04 22:52:26 0 [Note] InnoDB: 128 out of 128 rollback segments are active.
2024-05-04 22:52:26 0 [Note] InnoDB: Removed temporary tablespace data file: "ibtmp1"
2024-05-04 22:52:26 0 [Note] InnoDB: Creating shared tablespace for temporary tables
2024-05-04 22:52:26 0 [Note] InnoDB: Setting file 'C:\XAMMP\mysql\data\ibtmp1' size to 12 MB. Physically writing the file full; Please wait ...
2024-05-04 22:52:26 0 [Note] InnoDB: File 'C:\XAMMP\mysql\data\ibtmp1' size is now 12 MB.
2024-05-04 22:52:26 0 [Note] InnoDB: Waiting for purge to start
2024-05-04 22:52:26 0 [Note] InnoDB: 10.4.32 started; log sequence number 3234246; transaction id 2107
2024-05-04 22:52:26 0 [Note] InnoDB: Loading buffer pool(s) from C:\XAMMP\mysql\data\ib_buffer_pool
2024-05-04 22:52:26 0 [Note] Plugin 'FEEDBACK' is disabled.
2024-05-04 22:52:26 0 [Note] Server socket created on IP: '::'.
2024-05-04 22:52:28 0 [Note] Starting MariaDB 10.4.32-MariaDB source revision c4143f909528e3fab0677a28631d10389354c491 as process 40000
2024-05-04 22:52:28 0 [Note] InnoDB: Mutexes and rw_locks use Windows interlocked functions
2024-05-04 22:52:28 0 [Note] InnoDB: Uses event mutexes
2024-05-04 22:52:28 0 [Note] InnoDB: Compressed tables use zlib 1.3
2024-05-04 22:52:28 0 [Note] InnoDB: Number of pools: 1
2024-05-04 22:52:28 0 [Note] InnoDB: Using SSE2 crc32 instructions
2024-05-04 22:52:28 0 [Note] InnoDB: Initializing buffer pool, total size = 16M, instances = 1, chunk size = 16M
2024-05-04 22:52:28 0 [Note] InnoDB: Completed initialization of buffer pool
2024-05-04 22:52:28 0 [Note] InnoDB: Starting crash recovery from checkpoint LSN=3234237
2024-05-04 22:52:29 0 [Note] InnoDB: 128 out of 128 rollback segments are active.
2024-05-04 22:52:29 0 [Note] InnoDB: Removed temporary tablespace data file: "ibtmp1"
2024-05-04 22:52:29 0 [Note] InnoDB: Creating shared tablespace for temporary tables
2024-05-04 22:52:29 0 [Note] InnoDB: Setting file 'C:\XAMMP\mysql\data\ibtmp1' size to 12 MB. Physically writing the file full; Please wait ...
2024-05-04 22:52:29 0 [Note] InnoDB: File 'C:\XAMMP\mysql\data\ibtmp1' size is now 12 MB.
2024-05-04 22:52:29 0 [Note] InnoDB: Waiting for purge to start
2024-05-04 22:52:29 0 [Note] InnoDB: 10.4.32 started; log sequence number 3234246; transaction id 2107
2024-05-04 22:52:29 0 [Note] InnoDB: Loading buffer pool(s) from C:\XAMMP\mysql\data\ib_buffer_pool
2024-05-04 22:52:29 0 [Note] Plugin 'FEEDBACK' is disabled.
2024-05-04 22:52:29 0 [Note] Server socket created on IP: '::'.
2024-05-06 21:38:14 0 [Note] Starting MariaDB 10.4.32-MariaDB source revision c4143f909528e3fab0677a28631d10389354c491 as process 49240
2024-05-06 21:38:14 0 [Note] InnoDB: Mutexes and rw_locks use Windows interlocked functions
2024-05-06 21:38:14 0 [Note] InnoDB: Uses event mutexes
2024-05-06 21:38:14 0 [Note] InnoDB: Compressed tables use zlib 1.3
2024-05-06 21:38:14 0 [Note] InnoDB: Number of pools: 1
2024-05-06 21:38:14 0 [Note] InnoDB: Using SSE2 crc32 instructions
2024-05-06 21:38:14 0 [Note] InnoDB: Initializing buffer pool, total size = 16M, instances = 1, chunk size = 16M
2024-05-06 21:38:14 0 [Note] InnoDB: Completed initialization of buffer pool
2024-05-06 21:38:14 0 [Note] InnoDB: Starting crash recovery from checkpoint LSN=3234255
2024-05-06 21:38:14 0 [Note] InnoDB: 128 out of 128 rollback segments are active.
2024-05-06 21:38:14 0 [Note] InnoDB: Removed temporary tablespace data file: "ibtmp1"
2024-05-06 21:38:14 0 [Note] InnoDB: Creating shared tablespace for temporary tables
2024-05-06 21:38:14 0 [Note] InnoDB: Setting file 'C:\XAMMP\mysql\data\ibtmp1' size to 12 MB. Physically writing the file full; Please wait ...
2024-05-06 21:38:14 0 [Note] InnoDB: File 'C:\XAMMP\mysql\data\ibtmp1' size is now 12 MB.
2024-05-06 21:38:14 0 [Note] InnoDB: Waiting for purge to start
2024-05-06 21:38:14 0 [Note] InnoDB: 10.4.32 started; log sequence number 3234264; transaction id 2107
2024-05-06 21:38:14 0 [Note] InnoDB: Loading buffer pool(s) from C:\XAMMP\mysql\data\ib_buffer_pool
2024-05-06 21:38:14 0 [Note] Plugin 'FEEDBACK' is disabled.
2024-05-06 21:38:14 0 [Note] InnoDB: Buffer pool(s) load completed at 240506 21:38:14
2024-05-06 21:38:14 0 [Note] Server socket created on IP: '::'.
